C:\USERS\EMANUEL\DOWNLOADS\DROPBOX\FACULDADE\3 ANO\LAIG\1 PROJ\CGRA APPLICATION1\CGRA APPLICATION1\DEBUG\VC110.PDB
C:\USERS\EMANUEL\DOWNLOADS\DROPBOX\FACULDADE\3 ANO\LAIG\1 PROJ\CGRA APPLICATION1\CGRA APPLICATION1\DEBUG\XMLSCENE.OBJ
C:\USERS\EMANUEL\DOWNLOADS\DROPBOX\FACULDADE\3 ANO\LAIG\1 PROJ\CGRA APPLICATION1\CGRA APPLICATION1\DEBUG\MAIN.OBJ
C:\USERS\EMANUEL\DOWNLOADS\DROPBOX\FACULDADE\3 ANO\LAIG\1 PROJ\CGRA APPLICATION1\DEBUG\CGRA APPLICATION1.ILK
C:\USERS\EMANUEL\DOWNLOADS\DROPBOX\FACULDADE\3 ANO\LAIG\1 PROJ\CGRA APPLICATION1\DEBUG\CGRA APPLICATION1.EXE
C:\USERS\EMANUEL\DOWNLOADS\DROPBOX\FACULDADE\3 ANO\LAIG\1 PROJ\CGRA APPLICATION1\DEBUG\CGRA APPLICATION1.PDB
C:\Users\Emanuel\Downloads\Dropbox\faculdade\3 ano\LAIG\1 proj\CGRA Application1\CGRA Application1\Debug\main.obj
C:\Users\Emanuel\Downloads\Dropbox\faculdade\3 ano\LAIG\1 proj\CGRA Application1\CGRA Application1\Debug\XMLScene.obj
C:\Users\Emanuel\Downloads\Dropbox\faculdade\3 ano\LAIG\1 proj\CGRA Application1\CGRA Application1\Debug\cl.command.1.tlog
C:\Users\Emanuel\Downloads\Dropbox\faculdade\3 ano\LAIG\1 proj\CGRA Application1\CGRA Application1\Debug\CL.read.1.tlog
C:\Users\Emanuel\Downloads\Dropbox\faculdade\3 ano\LAIG\1 proj\CGRA Application1\CGRA Application1\Debug\CL.write.1.tlog
C:\Users\Emanuel\Downloads\Dropbox\faculdade\3 ano\LAIG\1 proj\CGRA Application1\CGRA Application1\Debug\link-cvtres.read.1.tlog
C:\Users\Emanuel\Downloads\Dropbox\faculdade\3 ano\LAIG\1 proj\CGRA Application1\CGRA Application1\Debug\link-cvtres.write.1.tlog
C:\Users\Emanuel\Downloads\Dropbox\faculdade\3 ano\LAIG\1 proj\CGRA Application1\CGRA Application1\Debug\link-rc.read.1.tlog
C:\Users\Emanuel\Downloads\Dropbox\faculdade\3 ano\LAIG\1 proj\CGRA Application1\CGRA Application1\Debug\link-rc.write.1.tlog
C:\Users\Emanuel\Downloads\Dropbox\faculdade\3 ano\LAIG\1 proj\CGRA Application1\CGRA Application1\Debug\link.command.1.tlog
C:\Users\Emanuel\Downloads\Dropbox\faculdade\3 ano\LAIG\1 proj\CGRA Application1\CGRA Application1\Debug\link.read.1.tlog
C:\Users\Emanuel\Downloads\Dropbox\faculdade\3 ano\LAIG\1 proj\CGRA Application1\CGRA Application1\Debug\link.write.1.tlog
C:\Users\Emanuel\Downloads\Dropbox\faculdade\3 ano\LAIG\1 proj\CGRA Application1\CGRA Application1\Debug\vc110.idb
C:\Users\Emanuel\Downloads\Dropbox\faculdade\3 ano\LAIG\1 proj\CGRA Application1\CGRA Application1\Debug\vc110.pdb
C:\Users\Emanuel\Downloads\Dropbox\faculdade\3 ano\LAIG\1 proj\CGRA Application1\Debug\CGRA Application1.pdb
C:\Users\Emanuel\Downloads\Dropbox\faculdade\3 ano\LAIG\1 proj\CGRA Application1\Debug\CGRA Application1.exe
C:\Users\Emanuel\Downloads\Dropbox\faculdade\3 ano\LAIG\1 proj\CGRA Application1\Debug\CGRA Application1.ilk
